  BinApp.cpp
C:\Users\minec\source\repos\BINV\BINV\BinApp.h(43,21): warning C4018: <: несоответствие типов со знаком и без знака
C:\Users\minec\source\repos\BINV\BINV\BinApp.h(73,21): warning C4018: <: несоответствие типов со знаком и без знака
C:\Users\minec\source\repos\BINV\BINV\BinApp.h(82,21): warning C4018: <: несоответствие типов со знаком и без знака
C:\Users\minec\source\repos\BINV\BINV\BinApp.cpp(185,20): warning C4018: <: несоответствие типов со знаком и без знака
  ButtonsCallBack.cpp
C:\Users\minec\source\repos\BINV\BINV\BinApp.h(43,21): warning C4018: <: несоответствие типов со знаком и без знака
C:\Users\minec\source\repos\BINV\BINV\BinApp.h(73,21): warning C4018: <: несоответствие типов со знаком и без знака
C:\Users\minec\source\repos\BINV\BINV\BinApp.h(82,21): warning C4018: <: несоответствие типов со знаком и без знака
C:\Program Files (x86)\Microsoft Visual Studio\2019\Community\VC\Tools\MSVC\14.25.28610\include\xstring(2389,23): warning C4244: аргумент: преобразование "wchar_t" в "const _Elem", возможна потеря данных
          with
          [
              _Elem=char
          ]
C:\Program Files (x86)\Microsoft Visual Studio\2019\Community\VC\Tools\MSVC\14.25.28610\include\xstring(2400): message : выполняется компиляция ссылки на экземпляр шаблон функции "void std::basic_string<char,std::char_traits<char>,std::allocator<char>>::_Construct<wchar_t*>(_Iter,const _Iter,std::input_iterator_tag)"
          with
          [
              _Iter=wchar_t *
          ]
C:\Program Files (x86)\Microsoft Visual Studio\2019\Community\VC\Tools\MSVC\14.25.28610\include\xstring(2400): message : выполняется компиляция ссылки на экземпляр шаблон функции "void std::basic_string<char,std::char_traits<char>,std::allocator<char>>::_Construct<wchar_t*>(_Iter,const _Iter,std::input_iterator_tag)"
          with
          [
              _Iter=wchar_t *
          ]
C:\Program Files (x86)\Microsoft Visual Studio\2019\Community\VC\Tools\MSVC\14.25.28610\include\xstring(2380): message : выполняется компиляция ссылки на экземпляр шаблон функции "void std::basic_string<char,std::char_traits<char>,std::allocator<char>>::_Construct<wchar_t*>(const _Iter,const _Iter,std::forward_iterator_tag)"
          with
          [
              _Iter=wchar_t *
          ]
C:\Program Files (x86)\Microsoft Visual Studio\2019\Community\VC\Tools\MSVC\14.25.28610\include\xstring(2380): message : выполняется компиляция ссылки на экземпляр шаблон функции "void std::basic_string<char,std::char_traits<char>,std::allocator<char>>::_Construct<wchar_t*>(const _Iter,const _Iter,std::forward_iterator_tag)"
          with
          [
              _Iter=wchar_t *
          ]
C:\Users\minec\source\repos\BINV\BINV\ButtonsCallBack.cpp(21): message : выполняется компиляция ссылки на экземпляр шаблон функции "std::basic_string<char,std::char_traits<char>,std::allocator<char>>::basic_string<std::_String_iterator<std::_String_val<std::_Simple_types<_Elem>>>,0>(_Iter,_Iter,const _Alloc &)"
          with
          [
              _Elem=wchar_t,
              _Iter=std::_String_iterator<std::_String_val<std::_Simple_types<wchar_t>>>,
              _Alloc=std::allocator<char>
          ]
C:\Users\minec\source\repos\BINV\BINV\ButtonsCallBack.cpp(21): message : выполняется компиляция ссылки на экземпляр шаблон функции "std::basic_string<char,std::char_traits<char>,std::allocator<char>>::basic_string<std::_String_iterator<std::_String_val<std::_Simple_types<_Elem>>>,0>(_Iter,_Iter,const _Alloc &)"
          with
          [
              _Elem=wchar_t,
              _Iter=std::_String_iterator<std::_String_val<std::_Simple_types<wchar_t>>>,
              _Alloc=std::allocator<char>
          ]
  Draw.cpp
C:\Users\minec\source\repos\BINV\BINV\BinApp.h(43,21): warning C4018: <: несоответствие типов со знаком и без знака
C:\Users\minec\source\repos\BINV\BINV\BinApp.h(73,21): warning C4018: <: несоответствие типов со знаком и без знака
C:\Users\minec\source\repos\BINV\BINV\BinApp.h(82,21): warning C4018: <: несоответствие типов со знаком и без знака
  Entry.cpp
C:\Users\minec\source\repos\BINV\BINV\BinApp.h(43,21): warning C4018: <: несоответствие типов со знаком и без знака
C:\Users\minec\source\repos\BINV\BINV\BinApp.h(73,21): warning C4018: <: несоответствие типов со знаком и без знака
C:\Users\minec\source\repos\BINV\BINV\BinApp.h(82,21): warning C4018: <: несоответствие типов со знаком и без знака
  Events.cpp
C:\Users\minec\source\repos\BINV\BINV\BinApp.h(43,21): warning C4018: <: несоответствие типов со знаком и без знака
C:\Users\minec\source\repos\BINV\BINV\BinApp.h(73,21): warning C4018: <: несоответствие типов со знаком и без знака
C:\Users\minec\source\repos\BINV\BINV\BinApp.h(82,21): warning C4018: <: несоответствие типов со знаком и без знака
  WindProc.cpp
C:\Users\minec\source\repos\BINV\BINV\BinApp.h(43,21): warning C4018: <: несоответствие типов со знаком и без знака
C:\Users\minec\source\repos\BINV\BINV\BinApp.h(73,21): warning C4018: <: несоответствие типов со знаком и без знака
C:\Users\minec\source\repos\BINV\BINV\BinApp.h(82,21): warning C4018: <: несоответствие типов со знаком и без знака
  Создание кода
  4 of 504 functions ( 0.8%) were compiled, the rest were copied from previous compilation.
    0 functions were new in current compilation
    3 functions had inline decision re-evaluated but remain unchanged
  Создание кода завершено
  BINV.vcxproj -> C:\Users\minec\source\repos\BINV\Release\BINV.exe
